<?xml version="1.0" encoding="UTF-8"?>
<testsuite name="com.example.udemytutorial.UdemyTutorialApplicationTests" tests="1" skipped="0" failures="0" errors="0" timestamp="2022-09-12T12:22:12" hostname="Andy.local" time="0.422">
  <properties/>
  <testcase name="contextLoads()" classname="com.example.udemytutorial.UdemyTutorialApplicationTests" time="0.422"/>
  <system-out><![CDATA[14:22:09.436 [Test worker] DEBUG org.springframework.test.context.BootstrapUtils - Instantiating CacheAwareContextLoaderDelegate from class [org.springframework.test.context.cache.DefaultCacheAwareContextLoaderDelegate]
14:22:09.446 [Test worker] DEBUG org.springframework.test.context.BootstrapUtils - Instantiating BootstrapContext using constructor [public org.springframework.test.context.support.DefaultBootstrapContext(java.lang.Class,org.springframework.test.context.CacheAwareContextLoaderDelegate)]
14:22:09.495 [Test worker] DEBUG org.springframework.test.context.BootstrapUtils - Instantiating TestContextBootstrapper for test class [com.example.udemytutorial.UdemyTutorialApplicationTests] from class [org.springframework.boot.test.context.SpringBootTestContextBootstrapper]
14:22:09.506 [Test worker] INFO org.springframework.boot.test.context.SpringBootTestContextBootstrapper - Neither @ContextConfiguration nor @ContextHierarchy found for test class [com.example.udemytutorial.UdemyTutorialApplicationTests], using SpringBootContextLoader
14:22:09.509 [Test worker] DEBUG org.springframework.test.context.support.AbstractContextLoader - Did not detect default resource location for test class [com.example.udemytutorial.UdemyTutorialApplicationTests]: class path resource [com/example/udemytutorial/UdemyTutorialApplicationTests-context.xml] does not exist
14:22:09.510 [Test worker] DEBUG org.springframework.test.context.support.AbstractContextLoader - Did not detect default resource location for test class [com.example.udemytutorial.UdemyTutorialApplicationTests]: class path resource [com/example/udemytutorial/UdemyTutorialApplicationTestsContext.groovy] does not exist
14:22:09.510 [Test worker] INFO org.springframework.test.context.support.AbstractContextLoader - Could not detect default resource locations for test class [com.example.udemytutorial.UdemyTutorialApplicationTests]: no resource found for suffixes {-context.xml, Context.groovy}.
14:22:09.511 [Test worker] INFO org.springframework.test.context.support.AnnotationConfigContextLoaderUtils - Could not detect default configuration classes for test class [com.example.udemytutorial.UdemyTutorialApplicationTests]: UdemyTutorialApplicationTests does not declare any static, non-private, non-final, nested classes annotated with @Configuration.
14:22:09.548 [Test worker] DEBUG org.springframework.test.context.support.ActiveProfilesUtils - Could not find an 'annotation declaring class' for annotation type [org.springframework.test.context.ActiveProfiles] and class [com.example.udemytutorial.UdemyTutorialApplicationTests]
14:22:09.646 [Test worker] DEBUG org.springframework.context.annotation.ClassPathScanningCandidateComponentProvider - Identified candidate component class: file [/Users/eradulescu/workspaces/test/UdemyTutorial/build/classes/java/main/com/example/udemytutorial/UdemyTutorialApplication.class]
14:22:09.649 [Test worker] INFO org.springframework.boot.test.context.SpringBootTestContextBootstrapper - Found @SpringBootConfiguration com.example.udemytutorial.UdemyTutorialApplication for test class com.example.udemytutorial.UdemyTutorialApplicationTests
14:22:09.735 [Test worker] DEBUG org.springframework.boot.test.context.SpringBootTestContextBootstrapper - @TestExecutionListeners is not present for class [com.example.udemytutorial.UdemyTutorialApplicationTests]: using defaults.
14:22:09.736 [Test worker] INFO org.springframework.boot.test.context.SpringBootTestContextBootstrapper - Loaded default TestExecutionListener class names from location [META-INF/spring.factories]: [org.springframework.boot.test.autoconfigure.restdocs.RestDocsTestExecutionListener, org.springframework.boot.test.autoconfigure.web.client.MockRestServiceServerResetTestExecutionListener, org.springframework.boot.test.autoconfigure.web.servlet.MockMvcPrintOnlyOnFailureTestExecutionListener, org.springframework.boot.test.autoconfigure.web.servlet.WebDriverTestExecutionListener, org.springframework.boot.test.autoconfigure.webservices.client.MockWebServiceServerTestExecutionListener, org.springframework.boot.test.mock.mockito.MockitoTestExecutionListener, org.springframework.boot.test.mock.mockito.ResetMocksTestExecutionListener, org.springframework.test.context.web.ServletTestExecutionListener, org.springframework.test.context.support.DirtiesContextBeforeModesTestExecutionListener, org.springframework.test.context.event.ApplicationEventsTestExecutionListener, org.springframework.test.context.support.DependencyInjectionTestExecutionListener, org.springframework.test.context.support.DirtiesContextTestExecutionListener, org.springframework.test.context.transaction.TransactionalTestExecutionListener, org.springframework.test.context.jdbc.SqlScriptsTestExecutionListener, org.springframework.test.context.event.EventPublishingTestExecutionListener]
14:22:09.748 [Test worker] DEBUG org.springframework.boot.test.context.SpringBootTestContextBootstrapper - Skipping candidate TestExecutionListener [org.springframework.test.context.transaction.TransactionalTestExecutionListener] due to a missing dependency. Specify custom listener classes or make the default listener classes and their required dependencies available. Offending class: [org/springframework/transaction/interceptor/TransactionAttributeSource]
14:22:09.749 [Test worker] DEBUG org.springframework.boot.test.context.SpringBootTestContextBootstrapper - Skipping candidate TestExecutionListener [org.springframework.test.context.jdbc.SqlScriptsTestExecutionListener] due to a missing dependency. Specify custom listener classes or make the default listener classes and their required dependencies available. Offending class: [org/springframework/transaction/interceptor/TransactionAttribute]
14:22:09.749 [Test worker] INFO org.springframework.boot.test.context.SpringBootTestContextBootstrapper - Using TestExecutionListeners: [org.springframework.test.context.web.ServletTestExecutionListener@3382f8ae, org.springframework.test.context.support.DirtiesContextBeforeModesTestExecutionListener@60641ec8, org.springframework.test.context.event.ApplicationEventsTestExecutionListener@75f65e45, org.springframework.boot.test.mock.mockito.MockitoTestExecutionListener@6eeade6c, org.springframework.boot.test.autoconfigure.SpringBootDependencyInjectionTestExecutionListener@4a891c97, org.springframework.test.context.support.DirtiesContextTestExecutionListener@a5bd950, org.springframework.test.context.event.EventPublishingTestExecutionListener@4d18aa28, org.springframework.boot.test.autoconfigure.restdocs.RestDocsTestExecutionListener@75390459, org.springframework.boot.test.autoconfigure.web.client.MockRestServiceServerResetTestExecutionListener@7756c3cd, org.springframework.boot.test.autoconfigure.web.servlet.MockMvcPrintOnlyOnFailureTestExecutionListener@2313052e, org.springframework.boot.test.autoconfigure.web.servlet.WebDriverTestExecutionListener@2bd2b28e, org.springframework.boot.test.autoconfigure.webservices.client.MockWebServiceServerTestExecutionListener@16746061, org.springframework.boot.test.mock.mockito.ResetMocksTestExecutionListener@57fd91c9]
14:22:09.755 [Test worker] DEBUG org.springframework.test.context.support.AbstractDirtiesContextTestExecutionListener - Before test class: context [DefaultTestContext@f667fe testClass = UdemyTutorialApplicationTests, testInstance = [null], testMethod = [null], testException = [null], mergedContextConfiguration = [WebMergedContextConfiguration@788fcafb testClass = UdemyTutorialApplicationTests, locations = '{}', classes = '{class com.example.udemytutorial.UdemyTutorialApplication}', contextInitializerClasses = '[]', activeProfiles = '{}', propertySourceLocations = '{}', propertySourceProperties = '{org.springframework.boot.test.context.SpringBootTestContextBootstrapper=true}', contextCustomizers = set[org.springframework.boot.test.autoconfigure.actuate.metrics.MetricsExportContextCustomizerFactory$DisableMetricExportContextCustomizer@409c54f, org.springframework.boot.test.autoconfigure.properties.PropertyMappingContextCustomizer@0, org.springframework.boot.test.autoconfigure.web.servlet.WebDriverContextCustomizerFactory$Customizer@59e32960, org.springframework.boot.test.context.filter.ExcludeFilterContextCustomizer@56c4278e, org.springframework.boot.test.json.DuplicateJsonObjectContextCustomizerFactory$DuplicateJsonObjectContextCustomizer@59cba5a, org.springframework.boot.test.mock.mockito.MockitoContextCustomizer@0, org.springframework.boot.test.web.client.TestRestTemplateContextCustomizer@73302995, org.springframework.boot.test.context.SpringBootTestArgs@1, org.springframework.boot.test.context.SpringBootTestWebEnvironment@7770f470], resourceBasePath = 'src/main/webapp', contextLoader = 'org.springframework.boot.test.context.SpringBootContextLoader', parent = [null]], attributes = map['org.springframework.test.context.web.ServletTestExecutionListener.activateListener' -> true]], class annotated with @DirtiesContext [false] with mode [null].

  .   ____          _            __ _ _
 /\\ / ___'_ __ _ _(_)_ __  __ _ \ \ \ \
( ( )\___ | '_ | '_| | '_ \/ _` | \ \ \ \
 \\/  ___)| |_)| | | | | || (_| |  ) ) ) )
  '  |____| .__|_| |_|_| |_\__, | / / / /
 =========|_|==============|___/=/_/_/_/
 :: Spring Boot ::                (v2.7.3)

2022-09-12 14:22:10.189  INFO 26457 --- [    Test worker] c.e.u.UdemyTutorialApplicationTests      : Starting UdemyTutorialApplicationTests using Java 18.0.1.1 on Andy.local with PID 26457 (started by eradulescu in /Users/eradulescu/workspaces/test/UdemyTutorial)
2022-09-12 14:22:10.201  INFO 26457 --- [    Test worker] c.e.u.UdemyTutorialApplicationTests      : No active profile set, falling back to 1 default profile: "default"
2022-09-12 14:22:12.696  INFO 26457 --- [    Test worker] c.e.u.UdemyTutorialApplicationTests      : Started UdemyTutorialApplicationTests in 2.886 seconds (JVM running for 4.386)
]]></system-out>
  <system-err><![CDATA[]]></system-err>
</testsuite>
